<?xml version="1.0" encoding="UTF-8"?>
<!-- Generated by org.testng.reporters.JUnitReportReporter -->
<testsuite hostname="LAPTOP-VFJTKINN" failures="0" tests="2" name="maventutorial.AppiumTest" time="0.003" errors="0" timestamp="2021-01-07T15:56:30 COT" skipped="0">
  <testcase classname="maventutorial.AppiumTest" name="IOSApps" time="0.003"/>
  <system-out/>
  <testcase classname="maventutorial.AppiumTest" name="NativeAPpAndroid" time="0.000"/>
  <system-out/>
</testsuite> <!-- maventutorial.AppiumTest -->
