<?xml version="1.0" encoding="UTF-8"?>
<!-- Generated by org.testng.reporters.JUnitReportReporter -->
<testsuite hostname="LAPTOP-VFJTKINN" failures="0" tests="2" name="maventutorial.SeleniumTest" time="0.000" errors="0" timestamp="2021-01-07T15:56:30 COT" skipped="0">
  <testcase classname="maventutorial.SeleniumTest" name="elementsUi" time="0.000"/>
  <system-out/>
  <testcase classname="maventutorial.SeleniumTest" name="BrowserAUtomation" time="0.000"/>
  <system-out/>
</testsuite> <!-- maventutorial.SeleniumTest -->
